======================================================================
STEP 2: Fetching UTMB Scores
Event: chihuahuabyutmb | Year: 2025 | Race: 100M
======================================================================
Loaded 102 runners from data/chihuahuabyutmb_2025_100M.csv
  Access token extracted successfully

Testing authentication...
  Authentication successful!

Fetching UTMB scores for 100 runners...
Fetching scores:   0%|                                                  | 0/100 [00:00<?, ?runner/s]Fetching scores:  10%|████                                     | 10/100 [00:06<00:55,  1.64runner/s]Fetching scores:  21%|████████▌                                | 21/100 [00:06<00:22,  3.50runner/s]Fetching scores:  31%|████████████▋                            | 31/100 [00:07<00:13,  4.94runner/s]Fetching scores:  41%|████████████████▊                        | 41/100 [00:12<00:17,  3.36runner/s]Fetching scores:  51%|████████████████████▉                    | 51/100 [00:13<00:11,  4.14runner/s]Fetching scores:  66%|███████████████████████████              | 66/100 [00:14<00:05,  6.47runner/s]Fetching scores:  76%|███████████████████████████████▏         | 76/100 [00:16<00:03,  6.04runner/s]Fetching scores:  86%|███████████████████████████████████▎     | 86/100 [00:19<00:02,  4.94runner/s]Fetching scores:  96%|███████████████████████████████████████▎ | 96/100 [00:22<00:00,  4.10runner/s]Fetching scores: 100%|████████████████████████████████████████| 100/100 [00:24<00:00,  4.07runner/s]
  Saved to data/chihuahuabyutmb_2025_100M.csv

======================================================================
STEP 2 COMPLETE
======================================================================

Finishers with UTMB score: 52/53
Score range: 410 - 797
Mean score: 520

Top 10 finishers:
 rank_scratch                             name race_time  utmb_index  utmb_score
          1.0                  Victor LAROCQUE  21:21:19       773.0       797.0
          2.0             Mauro Martin QUIMARE  22:35:58         NaN       753.0
          3.0  Reyes  Giltro SATEVO SARABEACHI  23:26:55         NaN         NaN
          4.0                      Elena ORMON  24:21:51       642.0       698.0
          5.0                   Yuta MATSUYAMA  25:53:26       721.0       657.0
          6.0                   Tony RODRÍGUEZ  26:38:51       778.0       638.0
          7.0                      Miguel LARA  26:47:18         NaN       635.0
          8.0                  Olaf VILLANUEVA  27:13:41         NaN       625.0
          9.0             Bernardo PÉREZ LÓPEZ  27:33:18       606.0       617.0
         10.0                    Jason SCHLARB  27:55:27       769.0       609.0
