======================================================================
STEP 2: Fetching UTMB Scores
Event: desertrats | Year: 2024 | Race: 100k
======================================================================
Loaded 184 runners from data/desertrats_2024_100k.csv
  Access token extracted successfully

Testing authentication...
  Authentication successful!

Fetching UTMB scores for 183 runners...
Fetching scores:   0%|                                                  | 0/183 [00:00<?, ?runner/s]Fetching scores:  67%|██████████████████████████▏            | 123/183 [00:00<00:00, 237.79runner/s]Fetching scores:  75%|█████████████████████████████▍         | 138/183 [00:01<00:00, 104.83runner/s]Fetching scores:  81%|████████████████████████████████▎       | 148/183 [00:01<00:00, 65.58runner/s]Fetching scores:  86%|██████████████████████████████████▌     | 158/183 [00:02<00:00, 44.79runner/s]Fetching scores:  92%|████████████████████████████████████▋   | 168/183 [00:03<00:00, 28.09runner/s]Fetching scores:  97%|██████████████████████████████████████▉ | 178/183 [00:03<00:00, 24.34runner/s]Fetching scores: 100%|████████████████████████████████████████| 183/183 [00:08<00:00, 22.57runner/s]
  Saved to data/desertrats_2024_100k.csv

======================================================================
STEP 2 COMPLETE
======================================================================

Finishers with UTMB score: 0/123

Top 10 finishers:
 rank_scratch                 name race_time  utmb_index  utmb_score
          1.0        Rajpaul Pannu  09:19:35       854.0         NaN
          2.0           Zach Hauer  09:28:06         NaN         NaN
          3.0       Julien Chorier  09:45:10       812.0         NaN
          4.0          John Dragon  10:44:39       672.0         NaN
          5.0          Vic Johnson  11:04:43       651.0         NaN
          6.0            Cody Cook  11:07:36         NaN         NaN
          7.0        Finn Melanson  11:15:22         NaN         NaN
          8.0     Jonathan Edwards  11:15:49         NaN         NaN
          9.0  Garrett Christensen  11:21:36       577.0         NaN
         10.0          Elena Ormon  11:33:02       613.0         NaN
