======================================================================
STEP 2: Fetching UTMB Scores
Event: kat100 | Year: 2023 | Race: 100
======================================================================
Loaded 51 runners from data/kat100_2023_100.csv
  Access token extracted successfully

Testing authentication...
  Authentication successful!

Fetching UTMB scores for 48 runners...
Fetching scores:   0%|                                                   | 0/48 [00:00<?, ?runner/s]Fetching scores:  21%|████████▊                                 | 10/48 [00:02<00:09,  4.04runner/s]Fetching scores:  42%|█████████████████▌                        | 20/48 [00:03<00:04,  5.65runner/s]Fetching scores:  62%|██████████████████████████▎               | 30/48 [00:05<00:03,  5.55runner/s]Fetching scores:  83%|███████████████████████████████████       | 40/48 [00:10<00:02,  3.25runner/s]Fetching scores: 100%|██████████████████████████████████████████| 48/48 [00:19<00:00,  2.41runner/s]
  Saved to data/kat100_2023_100.csv

======================================================================
STEP 2 COMPLETE
======================================================================

Finishers with UTMB score: 26/28
Score range: 398 - 591
Mean score: 489

Top 10 finishers:
 rank_scratch                   name race_time  utmb_index  utmb_score
          3.0             Mario WEIß  22:21:16         NaN         NaN
         16.0         Freek HENDRIKS  30:37:48       568.0       591.0
         18.0         Yasuko NATSUME  31:11:44       588.0       581.0
         21.0         Yves DE LAUNAY  31:30:17       619.0       575.0
         24.0         Miloš PINTRAVA  31:54:10       596.0       568.0
         26.0         Julien VIENNET  31:57:13       573.0       567.0
         33.0  Alfred SCHELLENBACHER  34:08:09       521.0       531.0
         34.0              Feng WANG  34:08:22       537.0       531.0
         35.0        Matthias HEINLE  34:40:10       514.0       523.0
         36.0          Dirk PREUßNER  35:45:34         NaN         NaN
