======================================================================
STEP 2: Fetching UTMB Scores
Event: kat100 | Year: 2024 | Race: 100
======================================================================
Loaded 122 runners from data/kat100_2024_100.csv
  Access token extracted successfully

Testing authentication...
  Authentication successful!

Fetching UTMB scores for 121 runners...
Fetching scores:   0%|                                                  | 0/121 [00:00<?, ?runner/s]Fetching scores:   8%|███▍                                     | 10/121 [00:02<00:26,  4.25runner/s]Fetching scores:  17%|██████▊                                  | 20/121 [00:03<00:15,  6.64runner/s]Fetching scores:  25%|██████████▏                              | 30/121 [00:04<00:13,  6.84runner/s]Fetching scores:  33%|█████████████▌                           | 40/121 [00:05<00:09,  8.72runner/s]Fetching scores:  41%|████████████████▉                        | 50/121 [00:06<00:07,  9.74runner/s]Fetching scores:  50%|████████████████████▎                    | 60/121 [00:07<00:06,  9.78runner/s]Fetching scores:  58%|███████████████████████▋                 | 70/121 [00:08<00:05,  8.99runner/s]Fetching scores:  69%|████████████████████████████             | 83/121 [00:09<00:03, 11.56runner/s]Fetching scores:  77%|███████████████████████████████▌         | 93/121 [00:09<00:02, 11.82runner/s]Fetching scores:  85%|██████████████████████████████████      | 103/121 [00:11<00:02,  8.62runner/s]Fetching scores:  93%|█████████████████████████████████████▎  | 113/121 [00:27<00:04,  1.86runner/s]Fetching scores:  93%|█████████████████████████████████████▎  | 113/121 [00:39<00:04,  1.86runner/s]Fetching scores:  97%|██████████████████████████████████████▋ | 117/121 [00:44<00:04,  1.10s/runner]Fetching scores:  98%|███████████████████████████████████████ | 118/121 [00:46<00:03,  1.13s/runner]Fetching scores:  98%|███████████████████████████████████████▎| 119/121 [00:47<00:02,  1.11s/runner]Fetching scores:  99%|███████████████████████████████████████▋| 120/121 [00:48<00:01,  1.11s/runner]Fetching scores: 100%|████████████████████████████████████████| 121/121 [00:49<00:00,  1.09s/runner]Fetching scores: 100%|████████████████████████████████████████| 121/121 [00:49<00:00,  2.45runner/s]
  Saved to data/kat100_2024_100.csv

======================================================================
STEP 2 COMPLETE
======================================================================

Finishers with UTMB score: 49/50
Score range: 420 - 762
Mean score: 547

Top 10 finishers:
 rank_scratch               name race_time  utmb_index  utmb_score
          1.0      Gerald FISTER  26:08:31       815.0       762.0
          2.0  Michael DE COOMAN  27:59:42       776.0       712.0
          3.0      Jérôme FERRIS  27:59:52       773.0       712.0
          4.0     Guillaume BOUR  28:01:38       712.0       711.0
          5.0       Bram KEPPENS  28:12:53       677.0       706.0
          6.0        Luca JAHNKE  29:24:33       689.0       678.0
          7.0     Clément MASSON  30:01:06       703.0       664.0
          8.0        Ben WÄCHTER  30:38:08       644.0       651.0
          8.0    Bernhard REITER  30:38:08       677.0       651.0
         10.0       Ivan STREBEL  31:32:20       674.0       632.0
