======================================================================
STEP 2: Fetching UTMB Scores
Event: kodiak | Year: 2024 | Race: 10k
======================================================================
Loaded 101 runners from data/kodiak_2024_10k.csv
  Access token extracted successfully

Testing authentication...
  Authentication successful!

Fetching UTMB scores for 92 runners...
Fetching scores:   0%|                                                   | 0/92 [00:00<?, ?runner/s]Fetching scores:  11%|████▌                                     | 10/92 [00:04<00:36,  2.22runner/s]Fetching scores:  22%|█████████▏                                | 20/92 [00:12<00:46,  1.54runner/s]Fetching scores:  33%|█████████████▋                            | 30/92 [00:17<00:36,  1.69runner/s]Fetching scores:  43%|██████████████████▎                       | 40/92 [00:19<00:22,  2.29runner/s]Fetching scores:  54%|██████████████████████▊                   | 50/92 [00:20<00:12,  3.31runner/s]Fetching scores:  65%|███████████████████████████▍              | 60/92 [00:21<00:07,  4.28runner/s]Fetching scores:  76%|███████████████████████████████▉          | 70/92 [00:21<00:03,  5.73runner/s]Fetching scores:  87%|████████████████████████████████████▌     | 80/92 [00:23<00:02,  5.66runner/s]Fetching scores:  98%|█████████████████████████████████████████ | 90/92 [00:25<00:00,  5.89runner/s]Fetching scores: 100%|██████████████████████████████████████████| 92/92 [00:25<00:00,  3.66runner/s]
  Saved to data/kodiak_2024_10k.csv

======================================================================
STEP 2 COMPLETE
======================================================================

Finishers with UTMB score: 0/79

Top 10 finishers:
 rank_scratch                name race_time  utmb_index  utmb_score
          1.0     Michelle Bowlds  01:02:26         NaN         NaN
          2.0        Charles Renn  01:03:50         NaN         NaN
          3.0     Chris Caulfield  01:03:59         NaN         NaN
          4.0  Moises Levy Harari  01:10:21         NaN         NaN
          5.0       Karl Martinez  01:12:37         NaN         NaN
          6.0       Sarah Chatham  01:12:44         NaN         NaN
          7.0     Janelle Patrick  01:14:58         NaN         NaN
          8.0         Larry Raber  01:15:10         NaN         NaN
          9.0     Allyson Gaarder  01:17:50         NaN         NaN
         10.0       Kearah Brandt  01:19:15         NaN         NaN
