======================================================================
STEP 2: Fetching UTMB Scores
Event: laketoba | Year: 2025 | Race: 60K
======================================================================
Loaded 124 runners from data/laketoba_2025_60K.csv
  Access token extracted successfully

Testing authentication...
  Authentication successful!

Fetching UTMB scores for 124 runners...
Fetching scores:   0%|                                                  | 0/124 [00:00<?, ?runner/s]Fetching scores:   8%|███▎                                     | 10/124 [00:06<01:11,  1.59runner/s]Fetching scores:  16%|██████▌                                  | 20/124 [00:08<00:38,  2.74runner/s]Fetching scores:  24%|█████████▉                               | 30/124 [00:09<00:22,  4.10runner/s]Fetching scores:  32%|█████████████▏                           | 40/124 [00:09<00:14,  5.90runner/s]Fetching scores:  40%|████████████████▌                        | 50/124 [00:10<00:11,  6.72runner/s]Fetching scores:  48%|███████████████████▊                     | 60/124 [00:11<00:07,  8.18runner/s]Fetching scores:  56%|███████████████████████▏                 | 70/124 [00:12<00:05,  9.47runner/s]Fetching scores:  65%|██████████████████████████▍              | 80/124 [00:16<00:09,  4.65runner/s]Fetching scores:  73%|█████████████████████████████▊           | 90/124 [00:21<00:09,  3.45runner/s]Fetching scores:  81%|████████████████████████████████▎       | 100/124 [00:37<00:16,  1.42runner/s]Fetching scores:  89%|███████████████████████████████████▍    | 110/124 [00:46<00:10,  1.31runner/s]Fetching scores:  97%|██████████████████████████████████████▋ | 120/124 [00:49<00:02,  1.63runner/s]Fetching scores: 100%|████████████████████████████████████████| 124/124 [00:54<00:00,  2.26runner/s]
  Saved to data/laketoba_2025_60K.csv

======================================================================
STEP 2 COMPLETE
======================================================================

Finishers with UTMB score: 81/95
Score range: 288 - 724
Mean score: 403

Top 10 finishers:
 rank_scratch               name race_time  utmb_index  utmb_score
          1.0        Yusri NANDA  07:57:18       724.0         NaN
          2.0    Sobari HERDIANA  08:02:37       718.0       724.0
          3.0          Priya RAI  08:41:37       719.0       670.0
          4.0  Upi SUPRIATNA SNP  09:03:28       719.0       643.0
          5.0     Taofik HIDAYAT  09:15:54       698.0       629.0
          6.0       Piotr WÓJCIK  09:42:01       664.0       601.0
          7.0       Fahmil MAMEL  09:59:38       588.0       583.0
          8.0     I Hsiang HUANG  09:59:41         NaN       583.0
          9.0      Slamet RIYADI  10:11:11       669.0         NaN
         10.0    Isobel CHISHOLM  11:07:48       557.0       524.0
