======================================================================
STEP 2: Fetching UTMB Scores
Event: laketoba | Year: 2025 | Race: 100K
======================================================================
Loaded 61 runners from data/laketoba_2025_100K.csv
  Access token extracted successfully

Testing authentication...
  Authentication successful!

Fetching UTMB scores for 61 runners...
Fetching scores:   0%|                                                   | 0/61 [00:00<?, ?runner/s]Fetching scores:  39%|████████████████▌                         | 24/61 [00:04<00:06,  5.51runner/s]Fetching scores:  56%|███████████████████████▍                  | 34/61 [00:07<00:06,  4.03runner/s]Fetching scores:  72%|██████████████████████████████▎           | 44/61 [00:09<00:03,  4.92runner/s]Fetching scores:  89%|█████████████████████████████████████▏    | 54/61 [00:12<00:01,  4.07runner/s]Fetching scores: 100%|██████████████████████████████████████████| 61/61 [00:13<00:00,  4.45runner/s]
  Saved to data/laketoba_2025_100K.csv

======================================================================
STEP 2 COMPLETE
======================================================================

Finishers with UTMB score: 33/54
Score range: 344 - 798
Mean score: 454

Top 10 finishers:
 rank_scratch                name race_time  utmb_index  utmb_score
          1.0        Stephen ROUX  12:41:51       790.0       798.0
          2.0          Quang TRAN  14:17:37       712.0       709.0
          3.0        Akhmad NIZAR  15:15:41       676.0       664.0
          4.0      Sanya KHANCHAI  15:24:32       718.0       658.0
          5.0  Kodthananat ANUPAN  15:34:45       654.0       651.0
          6.0       Werfan SINAGA  15:55:38       553.0       636.0
          7.0        Brian ANGWIN  17:08:54       655.0       591.0
          8.0       Taro KARAKIDA  17:09:29       615.0       591.0
          9.0        Rachel SKLAR  18:13:40       478.0       556.0
         10.0       Aris FERNANDO  18:21:18         NaN         NaN
