======================================================================
STEP 2: Fetching UTMB Scores
Event: malaysia | Year: 2024 | Race: MYVK
======================================================================
Loaded 65 runners from data/malaysia_2024_MYVK.csv
  Access token extracted successfully

Testing authentication...
  Authentication successful!

Fetching UTMB scores for 65 runners...
Fetching scores:   0%|                                                   | 0/65 [00:00<?, ?runner/s]Fetching scores:  15%|██████▍                                   | 10/65 [00:02<00:12,  4.27runner/s]Fetching scores:  31%|████████████▉                             | 20/65 [00:03<00:08,  5.34runner/s]Fetching scores:  46%|███████████████████▍                      | 30/65 [00:04<00:05,  6.91runner/s]Fetching scores:  62%|█████████████████████████▊                | 40/65 [00:05<00:03,  7.64runner/s]Fetching scores:  77%|████████████████████████████████▎         | 50/65 [00:06<00:01,  9.43runner/s]Fetching scores:  97%|████████████████████████████████████████▋ | 63/65 [00:07<00:00, 10.76runner/s]Fetching scores: 100%|██████████████████████████████████████████| 65/65 [00:07<00:00,  8.17runner/s]
  Saved to data/malaysia_2024_MYVK.csv

======================================================================
STEP 2 COMPLETE
======================================================================

Finishers with UTMB score: 0/44

Top 10 finishers:
 rank_scratch                       name race_time  utmb_index  utmb_score
          1.0                  Vlad IXEL  00:52:13       832.0         NaN
          2.0              Oswald MAIKOL  00:53:22       672.0         NaN
          3.0  Daaraneshwaran SIVA KUMAR  00:53:33         NaN         NaN
          4.0           Stanzin WANGCHUK  01:03:40       565.0         NaN
          5.0              Nobuhito KUBO  01:04:42       650.0         NaN
          6.0        Bryan Yeoh ZHI YONG  01:05:42       623.0         NaN
          7.0         Izzat Azmeer AHMAD  01:06:10       555.0         NaN
          8.0            Chee Choon CHOW  01:08:51       465.0         NaN
          9.0               Krystal KHAW  01:09:05       506.0         NaN
         10.0        Ronny AHLBOM MONSEN  01:09:29       500.0         NaN
