======================================================================
STEP 2: Fetching UTMB Scores
Event: mallorcabyutmb | Year: 2024 | Race: pds
======================================================================
Loaded 6 runners from data/mallorcabyutmb_2024_pds.csv
  Access token extracted successfully

Testing authentication...
  Authentication successful!

Fetching UTMB scores for 1 runners...
Fetching scores:   0%|                                                    | 0/1 [00:00<?, ?runner/s]Fetching scores: 100%|████████████████████████████████████████████| 1/1 [00:00<00:00, 11.13runner/s]
  Saved to data/mallorcabyutmb_2024_pds.csv

======================================================================
STEP 2 COMPLETE
======================================================================

Finishers with UTMB score: 0/3

Top 10 finishers:
 rank_scratch                               name race_time  utmb_index  utmb_score
          1.0  Joan Barceló Mas JOAN BARCELÓ MAS  01:06:45         NaN         NaN
          2.0                        Amelie LANE  01:08:18       594.0         NaN
          3.0              Juan GONZÁLEZ ALEMANY  01:13:53         NaN         NaN
