======================================================================
STEP 2: Fetching UTMB Scores
Event: valholl | Year: 2025 | Race: epic
======================================================================
Loaded 182 runners from data/valholl_2025_epic.csv
  Access token extracted successfully

Testing authentication...
  Authentication successful!

Fetching UTMB scores for 182 runners...
Fetching scores:   0%|                                                  | 0/182 [00:00<?, ?runner/s]Fetching scores:   5%|██▎                                      | 10/182 [00:03<00:52,  3.31runner/s]Fetching scores:  11%|████▌                                    | 20/182 [00:03<00:29,  5.58runner/s]Fetching scores:  16%|██████▊                                  | 30/182 [00:04<00:20,  7.50runner/s]Fetching scores:  22%|█████████                                | 40/182 [00:05<00:15,  9.44runner/s]Fetching scores:  32%|█████████████                            | 58/182 [00:06<00:08, 13.83runner/s]Fetching scores:  38%|███████████████▊                         | 70/182 [00:06<00:06, 16.00runner/s]Fetching scores:  44%|██████████████████                       | 80/182 [00:07<00:06, 16.76runner/s]Fetching scores:  49%|████████████████████▎                    | 90/182 [00:07<00:05, 17.23runner/s]Fetching scores:  55%|██████████████████████▏                 | 101/182 [00:08<00:04, 17.92runner/s]Fetching scores:  61%|████████████████████████▍               | 111/182 [00:08<00:04, 16.98runner/s]Fetching scores:  68%|███████████████████████████             | 123/182 [00:09<00:03, 17.06runner/s]Fetching scores:  73%|█████████████████████████████▏          | 133/182 [00:10<00:02, 16.86runner/s]Fetching scores:  79%|███████████████████████████████▍        | 143/182 [00:10<00:02, 17.46runner/s]Fetching scores:  84%|█████████████████████████████████▋      | 153/182 [00:11<00:01, 16.65runner/s]Fetching scores:  90%|███████████████████████████████████▊    | 163/182 [00:13<00:01, 11.04runner/s]Fetching scores:  95%|██████████████████████████████████████  | 173/182 [00:13<00:00, 10.93runner/s]Fetching scores: 100%|████████████████████████████████████████| 182/182 [00:29<00:00,  6.24runner/s]
  Saved to data/valholl_2025_epic.csv

======================================================================
STEP 2 COMPLETE
======================================================================

Finishers with UTMB score: 121/122
Score range: 411 - 897
Mean score: 513

Top 10 finishers:
 rank_scratch                        name race_time  utmb_index  utmb_score
          1.0           Beñat MARMISSOLLE  13:46:46       866.0       897.0
          2.0           Aleksei TOLSTENKO  14:21:12       854.0       861.0
          3.0               Pablo NADALEZ  14:38:29       770.0       844.0
          4.0      Sergio Gustavo PEREYRA  15:25:38       859.0       801.0
          5.0               Franco ISORNA  16:33:55       620.0       746.0
          6.0           Franco Hernan ORO  16:58:55       777.0       728.0
          7.0  Luis Alberto LOBOS MASSIFF  17:37:37       675.0       701.0
          8.0    Norman Sebastian ARAVENA  18:30:53       627.0       668.0
          9.0                 Paul CHATRY  18:41:52       604.0       661.0
         10.0                 Wataru IINO  18:53:15       750.0       654.0
