======================================================================
STEP 2: Fetching UTMB Scores
Event: whistler | Year: 2025 | Race: 100k
======================================================================
Loaded 177 runners from data/whistler_2025_100k.csv
  Access token extracted successfully

Testing authentication...
  Authentication successful!

Fetching UTMB scores for 177 runners...
Fetching scores:   0%|                                                  | 0/177 [00:00<?, ?runner/s]Fetching scores:  41%|████████████████▋                        | 72/177 [00:01<00:02, 46.01runner/s]Fetching scores:  51%|█████████████████████                    | 91/177 [00:02<00:01, 43.49runner/s]Fetching scores:  57%|██████████████████████▊                 | 101/177 [00:03<00:03, 23.93runner/s]Fetching scores:  68%|███████████████████████████▎            | 121/177 [00:03<00:02, 27.05runner/s]Fetching scores:  78%|███████████████████████████████▏        | 138/177 [00:04<00:01, 28.63runner/s]Fetching scores:  85%|█████████████████████████████████▉      | 150/177 [00:05<00:01, 26.51runner/s]Fetching scores:  90%|████████████████████████████████████▏   | 160/177 [00:05<00:00, 22.36runner/s]Fetching scores:  96%|██████████████████████████████████████▍ | 170/177 [00:06<00:00, 16.90runner/s]Fetching scores: 100%|████████████████████████████████████████| 177/177 [00:09<00:00, 18.81runner/s]
  Saved to data/whistler_2025_100k.csv

======================================================================
STEP 2 COMPLETE
======================================================================

Finishers with UTMB score: 1/120
Score range: 514 - 514
Mean score: 514

Top 10 finishers:
 rank_scratch                  name race_time  utmb_index  utmb_score
          3.0       Cristhian LAGOS  12:09:57       742.0         NaN
          4.0         Cedrik GAGNON  12:12:54       732.0         NaN
          5.0         Xavier ST-CYR  13:06:07       763.0         NaN
          6.0         Sarah ALLABEN  13:11:45       690.0         NaN
          7.0         Callum WILKIE  13:24:08       630.0         NaN
          9.0            Anna DULKO  13:54:38       685.0         NaN
         10.0          Taylor QUINN  13:54:59       630.0         NaN
         11.0           Jenny ABEGG  13:55:45         NaN         NaN
         12.0  Charles PERROT-MINOT  14:05:18       699.0         NaN
         13.0       Forest WOODWARD  14:06:51       606.0         NaN
